<?xml version="1.0" encoding="UTF-8"?>
<testsuite xmlns:xsi="http://www.w3.org/2001/XMLSchema-instance" xsi:noNamespaceSchemaLocation="https://maven.apache.org/surefire/maven-surefire-plugin/xsd/surefire-test-report.xsd" name="TestSuite" time="40.574" tests="1" errors="0" skipped="0" failures="0">
  <properties>
    <property name="awt.toolkit" value="sun.awt.X11.XToolkit"/>
    <property name="file.encoding.pkg" value="sun.io"/>
    <property name="java.specification.version" value="1.8"/>
    <property name="sun.cpu.isalist" value=""/>
    <property name="sun.jnu.encoding" value="UTF-8"/>
    <property name="java.class.path" value="/home/olga/testing_automat/Projects/YandexMarketTest/target/test-classes:/home/olga/testing_automat/Projects/YandexMarketTest/target/classes:/home/olga/.m2/repository/org/seleniumhq/selenium/selenium-java/3.141.59/selenium-java-3.141.59.jar:/home/olga/.m2/repository/org/seleniumhq/selenium/selenium-api/3.141.59/selenium-api-3.141.59.jar:/home/olga/.m2/repository/org/seleniumhq/selenium/selenium-chrome-driver/3.141.59/selenium-chrome-driver-3.141.59.jar:/home/olga/.m2/repository/org/seleniumhq/selenium/selenium-edge-driver/3.141.59/selenium-edge-driver-3.141.59.jar:/home/olga/.m2/repository/org/seleniumhq/selenium/selenium-firefox-driver/3.141.59/selenium-firefox-driver-3.141.59.jar:/home/olga/.m2/repository/org/seleniumhq/selenium/selenium-ie-driver/3.141.59/selenium-ie-driver-3.141.59.jar:/home/olga/.m2/repository/org/seleniumhq/selenium/selenium-opera-driver/3.141.59/selenium-opera-driver-3.141.59.jar:/home/olga/.m2/repository/org/seleniumhq/selenium/selenium-remote-driver/3.141.59/selenium-remote-driver-3.141.59.jar:/home/olga/.m2/repository/org/seleniumhq/selenium/selenium-safari-driver/3.141.59/selenium-safari-driver-3.141.59.jar:/home/olga/.m2/repository/org/seleniumhq/selenium/selenium-support/3.141.59/selenium-support-3.141.59.jar:/home/olga/.m2/repository/net/bytebuddy/byte-buddy/1.8.15/byte-buddy-1.8.15.jar:/home/olga/.m2/repository/org/apache/commons/commons-exec/1.3/commons-exec-1.3.jar:/home/olga/.m2/repository/com/google/guava/guava/25.0-jre/guava-25.0-jre.jar:/home/olga/.m2/repository/com/google/code/findbugs/jsr305/1.3.9/jsr305-1.3.9.jar:/home/olga/.m2/repository/org/checkerframework/checker-compat-qual/2.0.0/checker-compat-qual-2.0.0.jar:/home/olga/.m2/repository/com/google/errorprone/error_prone_annotations/2.1.3/error_prone_annotations-2.1.3.jar:/home/olga/.m2/repository/com/google/j2objc/j2objc-annotations/1.1/j2objc-annotations-1.1.jar:/home/olga/.m2/repository/org/codehaus/mojo/animal-sniffer-annotations/1.14/animal-sniffer-annotations-1.14.jar:/home/olga/.m2/repository/com/squareup/okhttp3/okhttp/3.11.0/okhttp-3.11.0.jar:/home/olga/.m2/repository/com/squareup/okio/okio/1.14.0/okio-1.14.0.jar:/home/olga/.m2/repository/org/seleniumhq/selenium/selenium-server/3.141.59/selenium-server-3.141.59.jar:/home/olga/.m2/repository/com/beust/jcommander/1.72/jcommander-1.72.jar:/home/olga/.m2/repository/net/jcip/jcip-annotations/1.0/jcip-annotations-1.0.jar:/home/olga/.m2/repository/org/seleniumhq/selenium/jetty-repacked/9.4.12.v20180830/jetty-repacked-9.4.12.v20180830.jar:/home/olga/.m2/repository/javax/servlet/javax.servlet-api/3.1.0/javax.servlet-api-3.1.0.jar:/home/olga/.m2/repository/org/yaml/snakeyaml/1.19/snakeyaml-1.19.jar:/home/olga/.m2/repository/org/testng/testng/7.0.0/testng-7.0.0.jar:/home/olga/.m2/repository/io/qameta/allure/allure-testng/2.6.0/allure-testng-2.6.0.jar:/home/olga/.m2/repository/io/qameta/allure/allure-descriptions-javadoc/2.6.0/allure-descriptions-javadoc-2.6.0.jar:/home/olga/.m2/repository/commons-io/commons-io/2.5/commons-io-2.5.jar:/home/olga/.m2/repository/io/qameta/allure/allure-java-commons/2.6.0/allure-java-commons-2.6.0.jar:/home/olga/.m2/repository/io/qameta/allure/allure2-model-api/1.0-BETA6/allure2-model-api-1.0-BETA6.jar:/home/olga/.m2/repository/io/qameta/allure/allure2-model-pojo/1.0-BETA6/allure2-model-pojo-1.0-BETA6.jar:/home/olga/.m2/repository/org/apache/tika/tika-core/1.14/tika-core-1.14.jar:/home/olga/.m2/repository/io/qameta/allure/allure2-model-jackson/1.0-BETA6/allure2-model-jackson-1.0-BETA6.jar:/home/olga/.m2/repository/com/fasterxml/jackson/core/jackson-databind/2.7.0/jackson-databind-2.7.0.jar:/home/olga/.m2/repository/com/fasterxml/jackson/core/jackson-annotations/2.7.0/jackson-annotations-2.7.0.jar:/home/olga/.m2/repository/com/fasterxml/jackson/core/jackson-core/2.7.0/jackson-core-2.7.0.jar:/home/olga/.m2/repository/com/fasterxml/jackson/module/jackson-module-jaxb-annotations/2.7.0/jackson-module-jaxb-annotations-2.7.0.jar:/home/olga/.m2/repository/org/apache/commons/commons-lang3/3.5/commons-lang3-3.5.jar:/home/olga/.m2/repository/org/aspectj/aspectjrt/1.8.10/aspectjrt-1.8.10.jar:/home/olga/.m2/repository/org/jooq/joor/0.9.6/joor-0.9.6.jar:/home/olga/.m2/repository/org/slf4j/slf4j-api/1.7.21/slf4j-api-1.7.21.jar:"/>
    <property name="java.vm.vendor" value="Private Build"/>
    <property name="sun.arch.data.model" value="64"/>
    <property name="application.properties" value="/application.properties"/>
    <property name="java.vendor.url" value="http://java.oracle.com/"/>
    <property name="user.timezone" value=""/>
    <property name="java.vm.specification.version" value="1.8"/>
    <property name="os.name" value="Linux"/>
    <property name="user.country" value="IL"/>
    <property name="sun.java.launcher" value="SUN_STANDARD"/>
    <property name="sun.boot.library.path" value="/usr/lib/jvm/java-8-openjdk-amd64/jre/lib/amd64"/>
    <property name="sun.java.command" value="/home/olga/testing_automat/Projects/YandexMarketTest/target/surefire/surefirebooter7969264570700585054.jar /home/olga/testing_automat/Projects/YandexMarketTest/target/surefire 2020-10-13T18-05-13_036-jvmRun1 surefire4681295741768342204tmp surefire_04856359513606746977tmp"/>
    <property name="surefire.test.class.path" value="/home/olga/testing_automat/Projects/YandexMarketTest/target/test-classes:/home/olga/testing_automat/Projects/YandexMarketTest/target/classes:/home/olga/.m2/repository/org/seleniumhq/selenium/selenium-java/3.141.59/selenium-java-3.141.59.jar:/home/olga/.m2/repository/org/seleniumhq/selenium/selenium-api/3.141.59/selenium-api-3.141.59.jar:/home/olga/.m2/repository/org/seleniumhq/selenium/selenium-chrome-driver/3.141.59/selenium-chrome-driver-3.141.59.jar:/home/olga/.m2/repository/org/seleniumhq/selenium/selenium-edge-driver/3.141.59/selenium-edge-driver-3.141.59.jar:/home/olga/.m2/repository/org/seleniumhq/selenium/selenium-firefox-driver/3.141.59/selenium-firefox-driver-3.141.59.jar:/home/olga/.m2/repository/org/seleniumhq/selenium/selenium-ie-driver/3.141.59/selenium-ie-driver-3.141.59.jar:/home/olga/.m2/repository/org/seleniumhq/selenium/selenium-opera-driver/3.141.59/selenium-opera-driver-3.141.59.jar:/home/olga/.m2/repository/org/seleniumhq/selenium/selenium-remote-driver/3.141.59/selenium-remote-driver-3.141.59.jar:/home/olga/.m2/repository/org/seleniumhq/selenium/selenium-safari-driver/3.141.59/selenium-safari-driver-3.141.59.jar:/home/olga/.m2/repository/org/seleniumhq/selenium/selenium-support/3.141.59/selenium-support-3.141.59.jar:/home/olga/.m2/repository/net/bytebuddy/byte-buddy/1.8.15/byte-buddy-1.8.15.jar:/home/olga/.m2/repository/org/apache/commons/commons-exec/1.3/commons-exec-1.3.jar:/home/olga/.m2/repository/com/google/guava/guava/25.0-jre/guava-25.0-jre.jar:/home/olga/.m2/repository/com/google/code/findbugs/jsr305/1.3.9/jsr305-1.3.9.jar:/home/olga/.m2/repository/org/checkerframework/checker-compat-qual/2.0.0/checker-compat-qual-2.0.0.jar:/home/olga/.m2/repository/com/google/errorprone/error_prone_annotations/2.1.3/error_prone_annotations-2.1.3.jar:/home/olga/.m2/repository/com/google/j2objc/j2objc-annotations/1.1/j2objc-annotations-1.1.jar:/home/olga/.m2/repository/org/codehaus/mojo/animal-sniffer-annotations/1.14/animal-sniffer-annotations-1.14.jar:/home/olga/.m2/repository/com/squareup/okhttp3/okhttp/3.11.0/okhttp-3.11.0.jar:/home/olga/.m2/repository/com/squareup/okio/okio/1.14.0/okio-1.14.0.jar:/home/olga/.m2/repository/org/seleniumhq/selenium/selenium-server/3.141.59/selenium-server-3.141.59.jar:/home/olga/.m2/repository/com/beust/jcommander/1.72/jcommander-1.72.jar:/home/olga/.m2/repository/net/jcip/jcip-annotations/1.0/jcip-annotations-1.0.jar:/home/olga/.m2/repository/org/seleniumhq/selenium/jetty-repacked/9.4.12.v20180830/jetty-repacked-9.4.12.v20180830.jar:/home/olga/.m2/repository/javax/servlet/javax.servlet-api/3.1.0/javax.servlet-api-3.1.0.jar:/home/olga/.m2/repository/org/yaml/snakeyaml/1.19/snakeyaml-1.19.jar:/home/olga/.m2/repository/org/testng/testng/7.0.0/testng-7.0.0.jar:/home/olga/.m2/repository/io/qameta/allure/allure-testng/2.6.0/allure-testng-2.6.0.jar:/home/olga/.m2/repository/io/qameta/allure/allure-descriptions-javadoc/2.6.0/allure-descriptions-javadoc-2.6.0.jar:/home/olga/.m2/repository/commons-io/commons-io/2.5/commons-io-2.5.jar:/home/olga/.m2/repository/io/qameta/allure/allure-java-commons/2.6.0/allure-java-commons-2.6.0.jar:/home/olga/.m2/repository/io/qameta/allure/allure2-model-api/1.0-BETA6/allure2-model-api-1.0-BETA6.jar:/home/olga/.m2/repository/io/qameta/allure/allure2-model-pojo/1.0-BETA6/allure2-model-pojo-1.0-BETA6.jar:/home/olga/.m2/repository/org/apache/tika/tika-core/1.14/tika-core-1.14.jar:/home/olga/.m2/repository/io/qameta/allure/allure2-model-jackson/1.0-BETA6/allure2-model-jackson-1.0-BETA6.jar:/home/olga/.m2/repository/com/fasterxml/jackson/core/jackson-databind/2.7.0/jackson-databind-2.7.0.jar:/home/olga/.m2/repository/com/fasterxml/jackson/core/jackson-annotations/2.7.0/jackson-annotations-2.7.0.jar:/home/olga/.m2/repository/com/fasterxml/jackson/core/jackson-core/2.7.0/jackson-core-2.7.0.jar:/home/olga/.m2/repository/com/fasterxml/jackson/module/jackson-module-jaxb-annotations/2.7.0/jackson-module-jaxb-annotations-2.7.0.jar:/home/olga/.m2/repository/org/apache/commons/commons-lang3/3.5/commons-lang3-3.5.jar:/home/olga/.m2/repository/org/aspectj/aspectjrt/1.8.10/aspectjrt-1.8.10.jar:/home/olga/.m2/repository/org/jooq/joor/0.9.6/joor-0.9.6.jar:/home/olga/.m2/repository/org/slf4j/slf4j-api/1.7.21/slf4j-api-1.7.21.jar:"/>
    <property name="sun.cpu.endian" value="little"/>
    <property name="allure.results.directory" value="/home/olga/testing_automat/Projects/YandexMarketTest/target/allure-results"/>
    <property name="user.home" value="/home/olga"/>
    <property name="user.language" value="en"/>
    <property name="java.specification.vendor" value="Oracle Corporation"/>
    <property name="java.home" value="/usr/lib/jvm/java-8-openjdk-amd64/jre"/>
    <property name="basedir" value="/home/olga/testing_automat/Projects/YandexMarketTest"/>
    <property name="file.separator" value="/"/>
    <property name="line.separator" value="&#10;"/>
    <property name="java.vm.specification.vendor" value="Oracle Corporation"/>
    <property name="java.specification.name" value="Java Platform API Specification"/>
    <property name="java.awt.graphicsenv" value="sun.awt.X11GraphicsEnvironment"/>
    <property name="surefire.real.class.path" value="/home/olga/testing_automat/Projects/YandexMarketTest/target/surefire/surefirebooter7969264570700585054.jar:/home/olga/.m2/repository/org/aspectj/aspectjweaver/1.8.10/aspectjweaver-1.8.10.jar"/>
    <property name="sun.boot.class.path" value="/usr/lib/jvm/java-8-openjdk-amd64/jre/lib/resources.jar:/usr/lib/jvm/java-8-openjdk-amd64/jre/lib/rt.jar:/usr/lib/jvm/java-8-openjdk-amd64/jre/lib/sunrsasign.jar:/usr/lib/jvm/java-8-openjdk-amd64/jre/lib/jsse.jar:/usr/lib/jvm/java-8-openjdk-amd64/jre/lib/jce.jar:/usr/lib/jvm/java-8-openjdk-amd64/jre/lib/charsets.jar:/usr/lib/jvm/java-8-openjdk-amd64/jre/lib/jfr.jar:/usr/lib/jvm/java-8-openjdk-amd64/jre/classes"/>
    <property name="sun.management.compiler" value="HotSpot 64-Bit Tiered Compilers"/>
    <property name="java.runtime.version" value="1.8.0_265-8u265-b01-0ubuntu2~18.04-b01"/>
    <property name="user.name" value="olga"/>
    <property name="path.separator" value=":"/>
    <property name="os.version" value="5.4.0-47-generic"/>
    <property name="java.endorsed.dirs" value="/usr/lib/jvm/java-8-openjdk-amd64/jre/lib/endorsed"/>
    <property name="java.runtime.name" value="OpenJDK Runtime Environment"/>
    <property name="file.encoding" value="UTF-8"/>
    <property name="java.vm.name" value="OpenJDK 64-Bit Server VM"/>
    <property name="localRepository" value="/home/olga/.m2/repository"/>
    <property name="java.vendor.url.bug" value="http://bugreport.sun.com/bugreport/"/>
    <property name="java.io.tmpdir" value="/tmp"/>
    <property name="java.version" value="1.8.0_265"/>
    <property name="user.dir" value="/home/olga/testing_automat/Projects/YandexMarketTest"/>
    <property name="os.arch" value="amd64"/>
    <property name="java.vm.specification.name" value="Java Virtual Machine Specification"/>
    <property name="java.awt.printerjob" value="sun.print.PSPrinterJob"/>
    <property name="sun.os.patch.level" value="unknown"/>
    <property name="java.library.path" value="/usr/java/packages/lib/amd64:/usr/lib/x86_64-linux-gnu/jni:/lib/x86_64-linux-gnu:/usr/lib/x86_64-linux-gnu:/usr/lib/jni:/lib:/usr/lib"/>
    <property name="java.vm.info" value="mixed mode"/>
    <property name="java.vendor" value="Private Build"/>
    <property name="java.vm.version" value="25.265-b01"/>
    <property name="java.ext.dirs" value="/usr/lib/jvm/java-8-openjdk-amd64/jre/lib/ext:/usr/java/packages/lib/ext"/>
    <property name="sun.io.unicode.encoding" value="UnicodeLittle"/>
    <property name="java.class.version" value="52.0"/>
  </properties>
  <testcase name="yandexMarketTest" classname="YandexMarketTest" time="39.362"/>
</testsuite>