<?xml version="1.0" encoding="UTF-8"?>
<!-- Generated by org.testng.reporters.JUnitReportReporter -->
<testsuite skipped="0" hostname="M4700" name="YandexMarketTest" tests="1" failures="0" timestamp="2020-10-13T18:05:54 IDT" time="39.290" errors="0">
  <testcase name="yandexMarketTest" time="39.290" classname="YandexMarketTest"/>
</testsuite> <!-- YandexMarketTest -->
